<?xml version="1.0" encoding="UTF-8"?>
<testng-results skipped="0" failed="0" total="7" passed="7">
  <reporter-output>
  </reporter-output>
  <suite name="BoggleGame" duration-ms="34" started-at="2015-01-14T06:19:12Z" finished-at="2015-01-14T06:19:12Z">
    <groups>
    </groups>
    <test name="TestNG tests" duration-ms="34" started-at="2015-01-14T06:19:12Z" finished-at="2015-01-14T06:19:12Z">
      <class name="BoggleBoardNGTest">
        <test-method status="PASS" signature="testDefaultConstructor()[pri:0, instance:BoggleBoardNGTest@3abbe647]" name="testDefaultConstructor" duration-ms="10" started-at="2015-01-13T22:19:12Z" finished-at="2015-01-13T22:19:12Z">
          <reporter-output>
          </reporter-output>
        </test-method> <!-- testDefaultConstructor -->
        <test-method status="PASS" signature="testOneArgumentConstructor()[pri:0, instance:BoggleBoardNGTest@3abbe647]" name="testOneArgumentConstructor" duration-ms="1" started-at="2015-01-13T22:19:12Z" finished-at="2015-01-13T22:19:12Z">
          <reporter-output>
          </reporter-output>
        </test-method> <!-- testOneArgumentConstructor -->
      </class> <!-- BoggleBoardNGTest -->
      <class name="WordListNGTest">
        <test-method status="PASS" signature="testAddWord()[pri:0, instance:WordListNGTest@660c1d35]" name="testAddWord" duration-ms="1" started-at="2015-01-13T22:19:12Z" finished-at="2015-01-13T22:19:12Z">
          <reporter-output>
          </reporter-output>
        </test-method> <!-- testAddWord -->
        <test-method status="PASS" signature="testAddWordList()[pri:0, instance:WordListNGTest@660c1d35]" name="testAddWordList" duration-ms="0" started-at="2015-01-13T22:19:12Z" finished-at="2015-01-13T22:19:12Z">
          <reporter-output>
          </reporter-output>
        </test-method> <!-- testAddWordList -->
        <test-method status="PASS" signature="testDefaultConstructor()[pri:0, instance:WordListNGTest@660c1d35]" name="testDefaultConstructor" duration-ms="0" started-at="2015-01-13T22:19:12Z" finished-at="2015-01-13T22:19:12Z">
          <reporter-output>
          </reporter-output>
        </test-method> <!-- testDefaultConstructor -->
        <test-method status="PASS" signature="testExceptions()[pri:0, instance:WordListNGTest@660c1d35]" name="testExceptions" duration-ms="1" started-at="2015-01-13T22:19:12Z" finished-at="2015-01-13T22:19:12Z">
          <exception class="java.io.FileNotFoundException">
            <message>
              <![CDATA[not_existed.txt (The system cannot find the file specified)]]>
            </message>
            <full-stacktrace>
              <![CDATA[java.io.FileNotFoundException: not_existed.txt (The system cannot find the file specified)
	at java.io.FileInputStream.open(Native Method)
	at java.io.FileInputStream.<init>(FileInputStream.java:146)
	at java.io.FileReader.<init>(FileReader.java:72)
	at WordList.<init>(WordList.java:31)
	at WordListNGTest.testExceptions(WordListNGTest.java:77)
	at sun.reflect.NativeMethodAccessorImpl.invoke0(Native Method)
	at sun.reflect.NativeMethodAccessorImpl.invoke(NativeMethodAccessorImpl.java:57)
	at sun.reflect.DelegatingMethodAccessorImpl.invoke(DelegatingMethodAccessorImpl.java:43)
	at java.lang.reflect.Method.invoke(Method.java:606)
	at org.testng.internal.MethodInvocationHelper.invokeMethod(MethodInvocationHelper.java:84)
	at org.testng.internal.Invoker.invokeMethod(Invoker.java:714)
	at org.testng.internal.Invoker.invokeTestMethod(Invoker.java:901)
	at org.testng.internal.Invoker.invokeTestMethods(Invoker.java:1231)
	at org.testng.internal.TestMethodWorker.invokeTestMethods(TestMethodWorker.java:127)
	at org.testng.internal.TestMethodWorker.run(TestMethodWorker.java:111)
	at org.testng.TestRunner.privateRun(TestRunner.java:767)
	at org.testng.TestRunner.run(TestRunner.java:617)
	at org.testng.SuiteRunner.runTest(SuiteRunner.java:334)
	at org.testng.SuiteRunner.runSequentially(SuiteRunner.java:329)
	at org.testng.SuiteRunner.privateRun(SuiteRunner.java:291)
	at org.testng.SuiteRunner.run(SuiteRunner.java:240)
	at org.testng.SuiteRunnerWorker.runSuite(SuiteRunnerWorker.java:52)
	at org.testng.SuiteRunnerWorker.run(SuiteRunnerWorker.java:86)
	at org.testng.TestNG.runSuitesSequentially(TestNG.java:1224)
	at org.testng.TestNG.runSuitesLocally(TestNG.java:1149)
	at org.testng.TestNG.run(TestNG.java:1057)
	at org.testng.TestNG.privateMain(TestNG.java:1364)
	at org.testng.TestNG.main(TestNG.java:1333)
]]>
            </full-stacktrace>
          </exception> <!-- java.io.FileNotFoundException -->
          <reporter-output>
          </reporter-output>
        </test-method> <!-- testExceptions -->
        <test-method status="PASS" signature="testPreprocessWord()[pri:0, instance:WordListNGTest@660c1d35]" name="testPreprocessWord" duration-ms="0" started-at="2015-01-13T22:19:12Z" finished-at="2015-01-13T22:19:12Z">
          <reporter-output>
          </reporter-output>
        </test-method> <!-- testPreprocessWord -->
      </class> <!-- WordListNGTest -->
    </test> <!-- TestNG tests -->
  </suite> <!-- BoggleGame -->
</testng-results>
